<?xml version="1.0" encoding="UTF-8"?>
<!-- Generated by org.testng.reporters.JUnitReportReporter -->
<testsuite hostname="prithvi-PC" name="DriverScript" tests="2" failures="0" timestamp="10 Apr 2016 18:27:30 GMT" time="0.016" errors="0">
  <testcase name="test2" time="0.000" classname="DriverScript"/>
  <testcase name="test1" time="0.016" classname="DriverScript"/>
</testsuite> <!-- DriverScript -->
