<?xml version="1.0" encoding="UTF-8"?>
<!-- Generated by org.testng.reporters.JUnitReportReporter -->
<testsuite hostname="prithvi-PC" name="Tests.Test2" tests="1" failures="0" timestamp="10 Apr 2016 17:49:30 GMT" time="0.710" errors="0">
  <testcase name="testMethod" time="0.710" classname="Tests.Test2"/>
</testsuite> <!-- Tests.Test2 -->
