<?xml version="1.0" encoding="UTF-8"?>
<!-- Generated by org.testng.reporters.JUnitReportReporter -->
<testsuite hostname="prithvi-PC" name="Tests.Test1" tests="1" failures="0" timestamp="3 May 2016 16:01:03 GMT" time="1.462" errors="0">
  <testcase name="testMethod" time="1.462" classname="Tests.Test1"/>
</testsuite> <!-- Tests.Test1 -->
